<?xml version="1.0" encoding="UTF-8"?>
<!-- Generated by org.testng.reporters.JUnitXMLReporter -->
<testsuite hostname="kiran" ignored="0" name="Test" tests="4" failures="0" timestamp="2022-11-14T14:50:30 IST" time="151.256" errors="0">
  <testcase name="basePageNavigation" time="16.302" classname="Academy.ValidateNavigationBar"/>
  <testcase name="basePageNavigation" time="15.544" classname="Academy.ValidateTittle"/>
  <testcase name="basePageNavigation" time="4.55" classname="Academy.Homepage"/>
  <testcase name="basePageNavigation" time="22.836" classname="Academy.Homepage"/>
</testsuite> <!-- Test -->
