<?xml version="1.0" encoding="UTF-8"?>
<!-- Generated by org.testng.reporters.JUnitXMLReporter -->
<testsuite hostname="kiran" ignored="0" name="ValidateTittle" tests="1" failures="1" timestamp="2022-11-14T22:22:29 IST" time="12.924" errors="0">
  <testcase name="basePageNavigation" time="0.083" classname="Academy.ValidateTittle">
    <failure type="java.lang.AssertionError" message="expected [FEATURED COURSES123] but found [FEATURED COURSES]">
      <![CDATA[java.lang.AssertionError: expected [FEATURED COURSES123] but found [FEATURED COURSES]
at Academy.ValidateTittle.basePageNavigation(ValidateTittle.java:26)
at java.util.ArrayList.forEach(ArrayList.java:1259)
... Removed 33 stack frames]]>
    </failure>
  </testcase> <!-- basePageNavigation -->
</testsuite> <!-- ValidateTittle -->
